<?xml version="1.0" encoding="UTF-8"?>
<!-- Generated by org.testng.reporters.JUnitReportReporter -->
<testsuite hostname="xushizhaodeMacBook-Pro.local" name="testngTestDemo" tests="1" failures="0" timestamp="1 Jul 2018 09:00:48 GMT" time="0.044" errors="0">
  <testcase name="function8" time="0.044" classname="testngTestDemo"/>
</testsuite>
