<?xml version="1.0" encoding="UTF-8"?>
<!-- Generated by org.testng.reporters.JUnitReportReporter -->
<testsuite hostname="xushizhaodeMacBook-Pro.local" name="test" tests="2" failures="0" timestamp="1 Jul 2018 13:17:57 GMT" time="0.048" errors="0">
  <testcase name="function9" time="0.024" classname="test"/>
  <testcase name="function8" time="0.024" classname="test"/>
</testsuite>
