<?xml version="1.0" encoding="UTF-8"?>
<!-- Generated by org.testng.reporters.JUnitReportReporter -->
<testsuite hostname="feng-PC" name="myTest" tests="2" failures="0" timestamp="17 Jul 2018 09:42:27 GMT" time="0.019" errors="0">
  <testcase name="function1" time="0.012" classname="myTest"/>
  <testcase name="abc" time="0.007" classname="myTest"/>
</testsuite>
